<?xml version="1.0" encoding="UTF-8"?>
<!-- Generated by org.testng.reporters.JUnitXMLReporter -->
<testsuite ignored="0" hostname="Dhiraj" failures="0" tests="3" name="Test" time="54.578" errors="0" timestamp="2024-01-12T19:22:05 IST">
  <testcase classname="testCases.RegisterTestCases" name="verifyRegistrationWithBlankData" time="3.465"/>
  <testcase classname="testCases.RegisterTestCases" name="verifyRegistrationWithValidData" time="1.828"/>
  <testcase classname="testCases.LoginTestCases" name="verifyRegistration" time="4.677"/>
</testsuite> <!-- Test -->
