<?xml version="1.0" encoding="UTF-8"?>
<testng-results ignored="0" total="3" passed="3" failed="0" skipped="0">
  <reporter-output>
  </reporter-output>
  <suite started-at="2024-01-12T19:21:10 IST" name="Suite" finished-at="2024-01-12T19:22:04 IST" duration-ms="54578">
    <groups>
    </groups>
    <test started-at="2024-01-12T19:21:10 IST" name="Test" finished-at="2024-01-12T19:22:04 IST" duration-ms="54578">
      <class name="testCases.LoginTestCases">
        <test-method is-config="true" signature="launchbrowser()[pri:0, instance:testCases.LoginTestCases@5b03b9fe]" started-at="2024-01-12T19:21:35 IST" name="launchbrowser" finished-at="2024-01-12T19:22:00 IST" duration-ms="24743" status="PASS">
          <reporter-output>
          </reporter-output>
        </test-method> <!-- launchbrowser -->
        <test-method signature="verifyRegistration()[pri:0, instance:testCases.LoginTestCases@5b03b9fe]" started-at="2024-01-12T19:22:00 IST" name="verifyRegistration" finished-at="2024-01-12T19:22:04 IST" duration-ms="4677" status="PASS">
          <reporter-output>
          </reporter-output>
        </test-method> <!-- verifyRegistration -->
      </class> <!-- testCases.LoginTestCases -->
      <class name="testCases.RegisterTestCases">
        <test-method is-config="true" signature="launchbrowser()[pri:0, instance:testCases.RegisterTestCases@c88a337]" started-at="2024-01-12T19:21:10 IST" name="launchbrowser" finished-at="2024-01-12T19:21:29 IST" duration-ms="19479" status="PASS">
          <reporter-output>
          </reporter-output>
        </test-method> <!-- launchbrowser -->
        <test-method signature="verifyRegistrationWithBlankData()[pri:0, instance:testCases.RegisterTestCases@c88a337]" started-at="2024-01-12T19:21:30 IST" name="verifyRegistrationWithBlankData" finished-at="2024-01-12T19:21:33 IST" duration-ms="3465" status="PASS">
          <reporter-output>
          </reporter-output>
        </test-method> <!-- verifyRegistrationWithBlankData -->
        <test-method signature="verifyRegistrationWithValidData()[pri:0, instance:testCases.RegisterTestCases@c88a337]" started-at="2024-01-12T19:21:33 IST" name="verifyRegistrationWithValidData" finished-at="2024-01-12T19:21:35 IST" depends-on-methods="testCases.RegisterTestCases.verifyRegistrationWithBlankData" duration-ms="1828" status="PASS">
          <reporter-output>
          </reporter-output>
        </test-method> <!-- verifyRegistrationWithValidData -->
      </class> <!-- testCases.RegisterTestCases -->
    </test> <!-- Test -->
  </suite> <!-- Suite -->
</testng-results>
